/usr/bin/ld: libpython.a(strerror.o): in function `strerror':
strerror.c:(.text+0x30): warning: `sys_errlist' is deprecated; use `strerror' or `strerror_r' instead
/usr/bin/ld: strerror.c:(.text+0x17): warning: `sys_nerr' is deprecated; use `strerror' or `strerror_r' instead
/usr/bin/ld: libpython.a(getcwd.o): in function `getcwd':
getcwd.c:(.text+0x62): warning: the `getwd' function is dangerous and should not be used.
/usr/bin/ld: libpython.a(tokenizer.o): in function `tok_nextc':
tokenizer.c:(.text+0x415): undefined reference to `fgets_intr'
/usr/bin/ld: libpython.a(bltinmodule.o): in function `builtin_dir':
bltinmodule.c:(.text+0x209): undefined reference to `getdictkeys'
/usr/bin/ld: libpython.a(bltinmodule.o): in function `exec_eval':
bltinmodule.c:(.text+0x5f5): undefined reference to `Dicttype'
/usr/bin/ld: bltinmodule.c:(.text+0x610): undefined reference to `Dicttype'
/usr/bin/ld: libpython.a(bltinmodule.o): in function `builtin_raw_input':
bltinmodule.c:(.text+0x1044): undefined reference to `fgets_intr'
/usr/bin/ld: libpython.a(bltinmodule.o): in function `getbuiltin':
bltinmodule.c:(.text+0x1182): undefined reference to `dictlookup'
/usr/bin/ld: libpython.a(bltinmodule.o): in function `newstdexception':
bltinmodule.c:(.text+0x11c9): undefined reference to `dictinsert'
/usr/bin/ld: libpython.a(bltinmodule.o): in function `initbuiltin':
bltinmodule.c:(.text+0x1333): undefined reference to `dictinsert'
/usr/bin/ld: libpython.a(import.o): in function `initimport':
import.c:(.text+0x9): undefined reference to `newdictobject'
/usr/bin/ld: libpython.a(import.o): in function `add_module':
import.c:(.text+0x67): undefined reference to `dictlookup'
/usr/bin/ld: import.c:(.text+0xca): undefined reference to `dictinsert'
/usr/bin/ld: libpython.a(import.o): in function `import_module':
import.c:(.text+0x534): undefined reference to `dictlookup'
/usr/bin/ld: libpython.a(import.o): in function `cleardict':
import.c:(.text+0x5e8): undefined reference to `getdictsize'
/usr/bin/ld: import.c:(.text+0x5fe): undefined reference to `getdictkey'
/usr/bin/ld: import.c:(.text+0x61c): undefined reference to `dictremove'
/usr/bin/ld: libpython.a(import.o): in function `doneimport':
import.c:(.text+0x655): undefined reference to `getdictsize'
/usr/bin/ld: import.c:(.text+0x671): undefined reference to `getdictkey'
/usr/bin/ld: import.c:(.text+0x692): undefined reference to `dictlookup'
/usr/bin/ld: import.c:(.text+0x6d7): undefined reference to `Dicttype'
/usr/bin/ld: libpython.a(ceval.o): in function `call_function':
ceval.c:(.text+0x896): undefined reference to `newdictobject'
/usr/bin/ld: libpython.a(ceval.o): in function `import_from':
ceval.c:(.text+0x12af): undefined reference to `getdictsize'
/usr/bin/ld: ceval.c:(.text+0x12cf): undefined reference to `getdictkey'
/usr/bin/ld: ceval.c:(.text+0x12f8): undefined reference to `dictlookup'
/usr/bin/ld: ceval.c:(.text+0x133a): undefined reference to `dictinsert'
/usr/bin/ld: ceval.c:(.text+0x1370): undefined reference to `dictlookup'
/usr/bin/ld: ceval.c:(.text+0x13af): undefined reference to `dictinsert'
/usr/bin/ld: libpython.a(ceval.o): in function `build_class':
ceval.c:(.text+0x1453): undefined reference to `Dicttype'
/usr/bin/ld: libpython.a(ceval.o): in function `eval_code':
ceval.c:(.text+0x24e7): undefined reference to `dictinsert'
/usr/bin/ld: ceval.c:(.text+0x254c): undefined reference to `dictremove'
/usr/bin/ld: ceval.c:(.text+0x2890): undefined reference to `dictlookup'
/usr/bin/ld: ceval.c:(.text+0x28ab): undefined reference to `dictlookup'
/usr/bin/ld: ceval.c:(.text+0x29c2): undefined reference to `newdictobject'
/usr/bin/ld: libpython.a(compile.o): in function `code_dealloc':
compile.c:(.text+0x146): undefined reference to `DEL'
/usr/bin/ld: libpython.a(modsupport.o): in function `initmodule':
modsupport.c:(.text+0x12f): undefined reference to `dictinsert'
/usr/bin/ld: libpython.a(sysmodule.o): in function `sysget':
sysmodule.c:(.text+0x22): undefined reference to `dictlookup'
/usr/bin/ld: libpython.a(sysmodule.o): in function `sysset':
sysmodule.c:(.text+0xad): undefined reference to `dictremove'
/usr/bin/ld: sysmodule.c:(.text+0xc9): undefined reference to `dictinsert'
/usr/bin/ld: libpython.a(sysmodule.o): in function `initsys':
sysmodule.c:(.text+0x227): undefined reference to `dictinsert'
/usr/bin/ld: sysmodule.c:(.text+0x244): undefined reference to `dictinsert'
/usr/bin/ld: sysmodule.c:(.text+0x261): undefined reference to `dictinsert'
/usr/bin/ld: sysmodule.c:(.text+0x27f): undefined reference to `dictinsert'
/usr/bin/ld: libpython.a(classobject.o): in function `class_getattr':
classobject.c:(.text+0x128): undefined reference to `dictlookup'
/usr/bin/ld: libpython.a(classobject.o): in function `newclassmemberobject':
classobject.c:(.text+0x21b): undefined reference to `newdictobject'
/usr/bin/ld: libpython.a(classobject.o): in function `classmember_getattr':
classobject.c:(.text+0x2eb): undefined reference to `dictlookup'
/usr/bin/ld: libpython.a(classobject.o): in function `classmember_setattr':
classobject.c:(.text+0x3d7): undefined reference to `dictremove'
/usr/bin/ld: classobject.c:(.text+0x3f4): undefined reference to `dictinsert'
/usr/bin/ld: libpython.a(funcobject.o): in function `func_dealloc':
funcobject.c:(.text+0x189): undefined reference to `DEL'
/usr/bin/ld: libpython.a(moduleobject.o): in function `newmoduleobject':
moduleobject.c:(.text+0x43): undefined reference to `newdictobject'
/usr/bin/ld: libpython.a(moduleobject.o): in function `module_getattr':
moduleobject.c:(.text+0x2f5): undefined reference to `dictlookup'
/usr/bin/ld: libpython.a(moduleobject.o): in function `module_setattr':
moduleobject.c:(.text+0x3ae): undefined reference to `dictremove'
/usr/bin/ld: moduleobject.c:(.text+0x3cb): undefined reference to `dictinsert'
/usr/bin/ld: libpython.a(frameobject.o): in function `frame_dealloc':
frameobject.c:(.text+0x14a): undefined reference to `XDEL'
/usr/bin/ld: frameobject.c:(.text+0x15f): undefined reference to `XDEL'
/usr/bin/ld: libpython.a(frameobject.o): in function `newframeobject':
frameobject.c:(.text+0x1de): undefined reference to `Dicttype'
/usr/bin/ld: frameobject.c:(.text+0x1f9): undefined reference to `Dicttype'
/usr/bin/ld: libpython.a(config.o): in function `initcalls':
config.c:(.text+0x35): undefined reference to `initregexp'
/usr/bin/ld: libpython.a(mathmodule.o): in function `initmath':
mathmodule.c:(.text+0x639): undefined reference to `dictinsert'
/usr/bin/ld: mathmodule.c:(.text+0x693): undefined reference to `dictinsert'
/usr/bin/ld: libpython.a(posixmodule.o): in function `convertenviron':
posixmodule.c:(.text+0xd): undefined reference to `newdictobject'
/usr/bin/ld: posixmodule.c:(.text+0xa2): undefined reference to `dictinsert'
/usr/bin/ld: libpython.a(posixmodule.o): in function `initposix':
posixmodule.c:(.text+0xd79): undefined reference to `dictinsert'
/usr/bin/ld: posixmodule.c:(.text+0xdf5): undefined reference to `dictinsert'
/usr/bin/ld: libpython.a(traceback.o): in function `tb_dealloc':
traceback.c:(.text+0xc8): undefined reference to `DEL'